<?xml version="1.0" encoding="UTF-8"?>
<!-- Generated by org.testng.reporters.JUnitXMLReporter -->
<testsuite hostname="pcz-ee210038" ignored="0" name="Test" tests="1" failures="0" timestamp="05 Apr 2018 10:34:55 GMT" time="0.017" errors="0">
  <testcase name="@BeforeSuite setup" time="0.044" classname="com.cisco.collabNextGen.common.BaseTestSuite">
    <failure type="java.lang.NoClassDefFoundError" message="org/apache/http/config/RegistryBuilder">
      <![CDATA[java.lang.NoClassDefFoundError: org/apache/http/config/RegistryBuilder
	at org.openqa.selenium.remote.internal.HttpClientFactory.getClientConnectionManager(HttpClientFactory.java:69)
	at org.openqa.selenium.remote.internal.HttpClientFactory.<init>(HttpClientFactory.java:57)
	at org.openqa.selenium.remote.internal.HttpClientFactory.<init>(HttpClientFactory.java:60)
	at org.openqa.selenium.remote.internal.ApacheHttpClient$Factory.getDefaultHttpClientFactory(ApacheHttpClient.java:247)
	at org.openqa.selenium.remote.internal.ApacheHttpClient$Factory.<init>(ApacheHttpClient.java:224)
	at org.openqa.selenium.remote.HttpCommandExecutor.getDefaultClientFactory(HttpCommandExecutor.java:93)
	at org.openqa.selenium.remote.HttpCommandExecutor.<init>(HttpCommandExecutor.java:72)
	at org.openqa.selenium.remote.service.DriverCommandExecutor.<init>(DriverCommandExecutor.java:62)
	at org.openqa.selenium.chrome.ChromeDriverCommandExecutor.<init>(ChromeDriverCommandExecutor.java:36)
	at org.openqa.selenium.chrome.ChromeDriver.<init>(ChromeDriver.java:178)
	at org.openqa.selenium.chrome.ChromeDriver.<init>(ChromeDriver.java:167)
	at org.openqa.selenium.chrome.ChromeDriver.<init>(ChromeDriver.java:156)
	at com.cisco.collabNextGen.common.DriverManager.getDriverInstance(DriverManager.java:48)
	at com.cisco.collabNextGen.common.BaseTestSuite.setup(BaseTestSuite.java:68)
Caused by: java.lang.ClassNotFoundException: org.apache.http.config.RegistryBuilder
	at java.net.URLClassLoader.findClass(Unknown Source)
	at java.lang.ClassLoader.loadClass(Unknown Source)
	at sun.misc.Launcher$AppClassLoader.loadClass(Unknown Source)
	at java.lang.ClassLoader.loadClass(Unknown Source)
	... 33 more
... Removed 19 stack frames]]>
    </failure>
  </testcase> <!-- @BeforeSuite setup -->
  <testcase name="@BeforeClass beforeClass" time="0.0" classname="com.cisco.collabNextGen.utilities.extentreports.ExtentTestNGReportBuilder">
    <skipped/>
  </testcase> <!-- @BeforeClass beforeClass -->
  <testcase name="@BeforeClass setupClass" time="0.0" classname="com.cisco.collabNextGen.common.BaseTestSuite">
    <skipped/>
  </testcase> <!-- @BeforeClass setupClass -->
  <testcase name="@BeforeMethod beforeMethod" time="0.0" classname="com.cisco.collabNextGen.utilities.extentreports.ExtentTestNGReportBuilder">
    <skipped/>
  </testcase> <!-- @BeforeMethod beforeMethod -->
  <testcase name="@BeforeMethod setTestMethodName" time="0.0" classname="com.cisco.collabNextGen.common.BaseTestSuite">
    <skipped/>
  </testcase> <!-- @BeforeMethod setTestMethodName -->
  <testcase name="loginTest" time="0.001" classname="com.cisco.collabNextGen.endtoend.tests.LoginTest">
    <skipped/>
  </testcase> <!-- loginTest -->
</testsuite> <!-- Test -->
